<?xml version="1.0" encoding="UTF-8"?>
<testsuite xmlns:xsi="http://www.w3.org/2001/XMLSchema-instance" xsi:noNamespaceSchemaLocation="https://maven.apache.org/surefire/maven-surefire-plugin/xsd/surefire-test-report-3.0.xsd" version="3.0" name="com.payment_demo.runners.TestRunner" time="4.453" tests="5" errors="0" skipped="0" failures="4">
  <properties>
    <property name="java.specification.version" value="19"/>
    <property name="sun.cpu.isalist" value="amd64"/>
    <property name="sun.jnu.encoding" value="Cp1252"/>
    <property name="java.class.path" value="C:\Users\arpit\Desktop\Desktop\payment_demo\payment_demo\target\test-classes;C:\Users\arpit\Desktop\Desktop\payment_demo\payment_demo\target\classes;C:\Users\arpit\.m2\repository\org\seleniumhq\selenium\selenium-java\4.12.1\selenium-java-4.12.1.jar;C:\Users\arpit\.m2\repository\org\seleniumhq\selenium\selenium-api\4.12.1\selenium-api-4.12.1.jar;C:\Users\arpit\.m2\repository\org\seleniumhq\selenium\selenium-chrome-driver\4.12.1\selenium-chrome-driver-4.12.1.jar;C:\Users\arpit\.m2\repository\com\google\auto\service\auto-service-annotations\1.1.1\auto-service-annotations-1.1.1.jar;C:\Users\arpit\.m2\repository\com\google\guava\guava\32.1.2-jre\guava-32.1.2-jre.jar;C:\Users\arpit\.m2\repository\com\google\guava\failureaccess\1.0.1\failureaccess-1.0.1.jar;C:\Users\arpit\.m2\repository\com\google\guava\listenablefuture\9999.0-empty-to-avoid-conflict-with-guava\listenablefuture-9999.0-empty-to-avoid-conflict-with-guava.jar;C:\Users\arpit\.m2\repository\com\google\code\findbugs\jsr305\3.0.2\jsr305-3.0.2.jar;C:\Users\arpit\.m2\repository\org\checkerframework\checker-qual\3.33.0\checker-qual-3.33.0.jar;C:\Users\arpit\.m2\repository\com\google\errorprone\error_prone_annotations\2.18.0\error_prone_annotations-2.18.0.jar;C:\Users\arpit\.m2\repository\com\google\j2objc\j2objc-annotations\2.8\j2objc-annotations-2.8.jar;C:\Users\arpit\.m2\repository\org\seleniumhq\selenium\selenium-chromium-driver\4.12.1\selenium-chromium-driver-4.12.1.jar;C:\Users\arpit\.m2\repository\org\seleniumhq\selenium\selenium-json\4.12.1\selenium-json-4.12.1.jar;C:\Users\arpit\.m2\repository\org\seleniumhq\selenium\selenium-manager\4.12.1\selenium-manager-4.12.1.jar;C:\Users\arpit\.m2\repository\org\seleniumhq\selenium\selenium-devtools-v114\4.12.1\selenium-devtools-v114-4.12.1.jar;C:\Users\arpit\.m2\repository\org\seleniumhq\selenium\selenium-devtools-v115\4.12.1\selenium-devtools-v115-4.12.1.jar;C:\Users\arpit\.m2\repository\org\seleniumhq\selenium\selenium-devtools-v116\4.12.1\selenium-devtools-v116-4.12.1.jar;C:\Users\arpit\.m2\repository\org\seleniumhq\selenium\selenium-devtools-v85\4.12.1\selenium-devtools-v85-4.12.1.jar;C:\Users\arpit\.m2\repository\org\seleniumhq\selenium\selenium-edge-driver\4.12.1\selenium-edge-driver-4.12.1.jar;C:\Users\arpit\.m2\repository\org\seleniumhq\selenium\selenium-firefox-driver\4.12.1\selenium-firefox-driver-4.12.1.jar;C:\Users\arpit\.m2\repository\org\seleniumhq\selenium\selenium-http\4.12.1\selenium-http-4.12.1.jar;C:\Users\arpit\.m2\repository\dev\failsafe\failsafe\3.3.2\failsafe-3.3.2.jar;C:\Users\arpit\.m2\repository\org\seleniumhq\selenium\selenium-ie-driver\4.12.1\selenium-ie-driver-4.12.1.jar;C:\Users\arpit\.m2\repository\org\seleniumhq\selenium\selenium-remote-driver\4.12.1\selenium-remote-driver-4.12.1.jar;C:\Users\arpit\.m2\repository\io\netty\netty-buffer\4.1.96.Final\netty-buffer-4.1.96.Final.jar;C:\Users\arpit\.m2\repository\io\netty\netty-codec-http\4.1.96.Final\netty-codec-http-4.1.96.Final.jar;C:\Users\arpit\.m2\repository\io\netty\netty-codec\4.1.96.Final\netty-codec-4.1.96.Final.jar;C:\Users\arpit\.m2\repository\io\netty\netty-handler\4.1.96.Final\netty-handler-4.1.96.Final.jar;C:\Users\arpit\.m2\repository\io\netty\netty-common\4.1.96.Final\netty-common-4.1.96.Final.jar;C:\Users\arpit\.m2\repository\io\netty\netty-transport-classes-epoll\4.1.96.Final\netty-transport-classes-epoll-4.1.96.Final.jar;C:\Users\arpit\.m2\repository\io\netty\netty-transport-classes-kqueue\4.1.96.Final\netty-transport-classes-kqueue-4.1.96.Final.jar;C:\Users\arpit\.m2\repository\io\netty\netty-transport-native-epoll\4.1.96.Final\netty-transport-native-epoll-4.1.96.Final.jar;C:\Users\arpit\.m2\repository\io\netty\netty-transport-native-kqueue\4.1.96.Final\netty-transport-native-kqueue-4.1.96.Final.jar;C:\Users\arpit\.m2\repository\io\netty\netty-transport-native-unix-common\4.1.96.Final\netty-transport-native-unix-common-4.1.96.Final.jar;C:\Users\arpit\.m2\repository\io\netty\netty-transport\4.1.96.Final\netty-transport-4.1.96.Final.jar;C:\Users\arpit\.m2\repository\io\netty\netty-resolver\4.1.96.Final\netty-resolver-4.1.96.Final.jar;C:\Users\arpit\.m2\repository\io\opentelemetry\opentelemetry-api\1.28.0\opentelemetry-api-1.28.0.jar;C:\Users\arpit\.m2\repository\io\opentelemetry\opentelemetry-context\1.28.0\opentelemetry-context-1.28.0.jar;C:\Users\arpit\.m2\repository\io\opentelemetry\opentelemetry-exporter-logging\1.28.0\opentelemetry-exporter-logging-1.28.0.jar;C:\Users\arpit\.m2\repository\io\opentelemetry\opentelemetry-sdk-metrics\1.28.0\opentelemetry-sdk-metrics-1.28.0.jar;C:\Users\arpit\.m2\repository\io\opentelemetry\opentelemetry-extension-incubator\1.28.0-alpha\opentelemetry-extension-incubator-1.28.0-alpha.jar;C:\Users\arpit\.m2\repository\io\opentelemetry\opentelemetry-sdk-logs\1.28.0\opentelemetry-sdk-logs-1.28.0.jar;C:\Users\arpit\.m2\repository\io\opentelemetry\opentelemetry-sdk-common\1.28.0\opentelemetry-sdk-common-1.28.0.jar;C:\Users\arpit\.m2\repository\io\opentelemetry\opentelemetry-sdk-extension-autoconfigure-spi\1.28.0\opentelemetry-sdk-extension-autoconfigure-spi-1.28.0.jar;C:\Users\arpit\.m2\repository\io\opentelemetry\opentelemetry-sdk-extension-autoconfigure\1.28.0\opentelemetry-sdk-extension-autoconfigure-1.28.0.jar;C:\Users\arpit\.m2\repository\io\opentelemetry\opentelemetry-api-events\1.28.0-alpha\opentelemetry-api-events-1.28.0-alpha.jar;C:\Users\arpit\.m2\repository\io\opentelemetry\opentelemetry-sdk-trace\1.28.0\opentelemetry-sdk-trace-1.28.0.jar;C:\Users\arpit\.m2\repository\io\opentelemetry\opentelemetry-sdk\1.28.0\opentelemetry-sdk-1.28.0.jar;C:\Users\arpit\.m2\repository\io\opentelemetry\opentelemetry-semconv\1.28.0-alpha\opentelemetry-semconv-1.28.0-alpha.jar;C:\Users\arpit\.m2\repository\net\bytebuddy\byte-buddy\1.14.5\byte-buddy-1.14.5.jar;C:\Users\arpit\.m2\repository\org\asynchttpclient\async-http-client\2.12.3\async-http-client-2.12.3.jar;C:\Users\arpit\.m2\repository\org\asynchttpclient\async-http-client-netty-utils\2.12.3\async-http-client-netty-utils-2.12.3.jar;C:\Users\arpit\.m2\repository\io\netty\netty-codec-socks\4.1.60.Final\netty-codec-socks-4.1.60.Final.jar;C:\Users\arpit\.m2\repository\io\netty\netty-handler-proxy\4.1.60.Final\netty-handler-proxy-4.1.60.Final.jar;C:\Users\arpit\.m2\repository\io\netty\netty-transport-native-epoll\4.1.60.Final\netty-transport-native-epoll-4.1.60.Final-linux-x86_64.jar;C:\Users\arpit\.m2\repository\io\netty\netty-transport-native-kqueue\4.1.60.Final\netty-transport-native-kqueue-4.1.60.Final-osx-x86_64.jar;C:\Users\arpit\.m2\repository\org\reactivestreams\reactive-streams\1.0.3\reactive-streams-1.0.3.jar;C:\Users\arpit\.m2\repository\com\typesafe\netty\netty-reactive-streams\2.0.4\netty-reactive-streams-2.0.4.jar;C:\Users\arpit\.m2\repository\org\slf4j\slf4j-api\1.7.30\slf4j-api-1.7.30.jar;C:\Users\arpit\.m2\repository\com\sun\activation\jakarta.activation\1.2.2\jakarta.activation-1.2.2.jar;C:\Users\arpit\.m2\repository\org\seleniumhq\selenium\selenium-os\4.12.1\selenium-os-4.12.1.jar;C:\Users\arpit\.m2\repository\org\apache\commons\commons-exec\1.3\commons-exec-1.3.jar;C:\Users\arpit\.m2\repository\org\seleniumhq\selenium\selenium-safari-driver\4.12.1\selenium-safari-driver-4.12.1.jar;C:\Users\arpit\.m2\repository\org\seleniumhq\selenium\selenium-support\4.12.1\selenium-support-4.12.1.jar;C:\Users\arpit\.m2\repository\io\cucumber\cucumber-java\7.14.0\cucumber-java-7.14.0.jar;C:\Users\arpit\.m2\repository\io\cucumber\cucumber-core\7.14.0\cucumber-core-7.14.0.jar;C:\Users\arpit\.m2\repository\io\cucumber\cucumber-gherkin\7.14.0\cucumber-gherkin-7.14.0.jar;C:\Users\arpit\.m2\repository\io\cucumber\cucumber-gherkin-messages\7.14.0\cucumber-gherkin-messages-7.14.0.jar;C:\Users\arpit\.m2\repository\io\cucumber\gherkin\26.2.0\gherkin-26.2.0.jar;C:\Users\arpit\.m2\repository\io\cucumber\messages\22.0.0\messages-22.0.0.jar;C:\Users\arpit\.m2\repository\io\cucumber\tag-expressions\5.0.6\tag-expressions-5.0.6.jar;C:\Users\arpit\.m2\repository\io\cucumber\cucumber-expressions\16.1.2\cucumber-expressions-16.1.2.jar;C:\Users\arpit\.m2\repository\io\cucumber\datatable\7.14.0\datatable-7.14.0.jar;C:\Users\arpit\.m2\repository\io\cucumber\cucumber-plugin\7.14.0\cucumber-plugin-7.14.0.jar;C:\Users\arpit\.m2\repository\io\cucumber\docstring\7.14.0\docstring-7.14.0.jar;C:\Users\arpit\.m2\repository\io\cucumber\html-formatter\20.4.0\html-formatter-20.4.0.jar;C:\Users\arpit\.m2\repository\io\cucumber\junit-xml-formatter\0.2.0\junit-xml-formatter-0.2.0.jar;C:\Users\arpit\.m2\repository\io\cucumber\ci-environment\9.2.0\ci-environment-9.2.0.jar;C:\Users\arpit\.m2\repository\org\apiguardian\apiguardian-api\1.1.2\apiguardian-api-1.1.2.jar;C:\Users\arpit\.m2\repository\io\cucumber\cucumber-junit\7.14.0\cucumber-junit-7.14.0.jar;C:\Users\arpit\.m2\repository\junit\junit\4.13.2\junit-4.13.2.jar;C:\Users\arpit\.m2\repository\org\hamcrest\hamcrest-core\1.3\hamcrest-core-1.3.jar;"/>
    <property name="java.vm.vendor" value="Oracle Corporation"/>
    <property name="sun.arch.data.model" value="64"/>
    <property name="user.variant" value=""/>
    <property name="java.vendor.url" value="https://java.oracle.com/"/>
    <property name="user.timezone" value="Asia/Calcutta"/>
    <property name="os.name" value="Windows 10"/>
    <property name="java.vm.specification.version" value="19"/>
    <property name="sun.java.launcher" value="SUN_STANDARD"/>
    <property name="user.country" value="US"/>
    <property name="sun.boot.library.path" value="C:\Program Files\Java\jdk-19\bin"/>
    <property name="sun.java.command" value="C:\Users\arpit\AppData\Local\Temp\surefire14430867267429583066\surefirebooter-20250803130219706_3.jar C:\Users\arpit\AppData\Local\Temp\surefire14430867267429583066 2025-08-03T13-02-18_105-jvmRun1 surefire-20250803130219706_1tmp surefire_0-20250803130219706_2tmp"/>
    <property name="jdk.debug" value="release"/>
    <property name="surefire.test.class.path" value="C:\Users\arpit\Desktop\Desktop\payment_demo\payment_demo\target\test-classes;C:\Users\arpit\Desktop\Desktop\payment_demo\payment_demo\target\classes;C:\Users\arpit\.m2\repository\org\seleniumhq\selenium\selenium-java\4.12.1\selenium-java-4.12.1.jar;C:\Users\arpit\.m2\repository\org\seleniumhq\selenium\selenium-api\4.12.1\selenium-api-4.12.1.jar;C:\Users\arpit\.m2\repository\org\seleniumhq\selenium\selenium-chrome-driver\4.12.1\selenium-chrome-driver-4.12.1.jar;C:\Users\arpit\.m2\repository\com\google\auto\service\auto-service-annotations\1.1.1\auto-service-annotations-1.1.1.jar;C:\Users\arpit\.m2\repository\com\google\guava\guava\32.1.2-jre\guava-32.1.2-jre.jar;C:\Users\arpit\.m2\repository\com\google\guava\failureaccess\1.0.1\failureaccess-1.0.1.jar;C:\Users\arpit\.m2\repository\com\google\guava\listenablefuture\9999.0-empty-to-avoid-conflict-with-guava\listenablefuture-9999.0-empty-to-avoid-conflict-with-guava.jar;C:\Users\arpit\.m2\repository\com\google\code\findbugs\jsr305\3.0.2\jsr305-3.0.2.jar;C:\Users\arpit\.m2\repository\org\checkerframework\checker-qual\3.33.0\checker-qual-3.33.0.jar;C:\Users\arpit\.m2\repository\com\google\errorprone\error_prone_annotations\2.18.0\error_prone_annotations-2.18.0.jar;C:\Users\arpit\.m2\repository\com\google\j2objc\j2objc-annotations\2.8\j2objc-annotations-2.8.jar;C:\Users\arpit\.m2\repository\org\seleniumhq\selenium\selenium-chromium-driver\4.12.1\selenium-chromium-driver-4.12.1.jar;C:\Users\arpit\.m2\repository\org\seleniumhq\selenium\selenium-json\4.12.1\selenium-json-4.12.1.jar;C:\Users\arpit\.m2\repository\org\seleniumhq\selenium\selenium-manager\4.12.1\selenium-manager-4.12.1.jar;C:\Users\arpit\.m2\repository\org\seleniumhq\selenium\selenium-devtools-v114\4.12.1\selenium-devtools-v114-4.12.1.jar;C:\Users\arpit\.m2\repository\org\seleniumhq\selenium\selenium-devtools-v115\4.12.1\selenium-devtools-v115-4.12.1.jar;C:\Users\arpit\.m2\repository\org\seleniumhq\selenium\selenium-devtools-v116\4.12.1\selenium-devtools-v116-4.12.1.jar;C:\Users\arpit\.m2\repository\org\seleniumhq\selenium\selenium-devtools-v85\4.12.1\selenium-devtools-v85-4.12.1.jar;C:\Users\arpit\.m2\repository\org\seleniumhq\selenium\selenium-edge-driver\4.12.1\selenium-edge-driver-4.12.1.jar;C:\Users\arpit\.m2\repository\org\seleniumhq\selenium\selenium-firefox-driver\4.12.1\selenium-firefox-driver-4.12.1.jar;C:\Users\arpit\.m2\repository\org\seleniumhq\selenium\selenium-http\4.12.1\selenium-http-4.12.1.jar;C:\Users\arpit\.m2\repository\dev\failsafe\failsafe\3.3.2\failsafe-3.3.2.jar;C:\Users\arpit\.m2\repository\org\seleniumhq\selenium\selenium-ie-driver\4.12.1\selenium-ie-driver-4.12.1.jar;C:\Users\arpit\.m2\repository\org\seleniumhq\selenium\selenium-remote-driver\4.12.1\selenium-remote-driver-4.12.1.jar;C:\Users\arpit\.m2\repository\io\netty\netty-buffer\4.1.96.Final\netty-buffer-4.1.96.Final.jar;C:\Users\arpit\.m2\repository\io\netty\netty-codec-http\4.1.96.Final\netty-codec-http-4.1.96.Final.jar;C:\Users\arpit\.m2\repository\io\netty\netty-codec\4.1.96.Final\netty-codec-4.1.96.Final.jar;C:\Users\arpit\.m2\repository\io\netty\netty-handler\4.1.96.Final\netty-handler-4.1.96.Final.jar;C:\Users\arpit\.m2\repository\io\netty\netty-common\4.1.96.Final\netty-common-4.1.96.Final.jar;C:\Users\arpit\.m2\repository\io\netty\netty-transport-classes-epoll\4.1.96.Final\netty-transport-classes-epoll-4.1.96.Final.jar;C:\Users\arpit\.m2\repository\io\netty\netty-transport-classes-kqueue\4.1.96.Final\netty-transport-classes-kqueue-4.1.96.Final.jar;C:\Users\arpit\.m2\repository\io\netty\netty-transport-native-epoll\4.1.96.Final\netty-transport-native-epoll-4.1.96.Final.jar;C:\Users\arpit\.m2\repository\io\netty\netty-transport-native-kqueue\4.1.96.Final\netty-transport-native-kqueue-4.1.96.Final.jar;C:\Users\arpit\.m2\repository\io\netty\netty-transport-native-unix-common\4.1.96.Final\netty-transport-native-unix-common-4.1.96.Final.jar;C:\Users\arpit\.m2\repository\io\netty\netty-transport\4.1.96.Final\netty-transport-4.1.96.Final.jar;C:\Users\arpit\.m2\repository\io\netty\netty-resolver\4.1.96.Final\netty-resolver-4.1.96.Final.jar;C:\Users\arpit\.m2\repository\io\opentelemetry\opentelemetry-api\1.28.0\opentelemetry-api-1.28.0.jar;C:\Users\arpit\.m2\repository\io\opentelemetry\opentelemetry-context\1.28.0\opentelemetry-context-1.28.0.jar;C:\Users\arpit\.m2\repository\io\opentelemetry\opentelemetry-exporter-logging\1.28.0\opentelemetry-exporter-logging-1.28.0.jar;C:\Users\arpit\.m2\repository\io\opentelemetry\opentelemetry-sdk-metrics\1.28.0\opentelemetry-sdk-metrics-1.28.0.jar;C:\Users\arpit\.m2\repository\io\opentelemetry\opentelemetry-extension-incubator\1.28.0-alpha\opentelemetry-extension-incubator-1.28.0-alpha.jar;C:\Users\arpit\.m2\repository\io\opentelemetry\opentelemetry-sdk-logs\1.28.0\opentelemetry-sdk-logs-1.28.0.jar;C:\Users\arpit\.m2\repository\io\opentelemetry\opentelemetry-sdk-common\1.28.0\opentelemetry-sdk-common-1.28.0.jar;C:\Users\arpit\.m2\repository\io\opentelemetry\opentelemetry-sdk-extension-autoconfigure-spi\1.28.0\opentelemetry-sdk-extension-autoconfigure-spi-1.28.0.jar;C:\Users\arpit\.m2\repository\io\opentelemetry\opentelemetry-sdk-extension-autoconfigure\1.28.0\opentelemetry-sdk-extension-autoconfigure-1.28.0.jar;C:\Users\arpit\.m2\repository\io\opentelemetry\opentelemetry-api-events\1.28.0-alpha\opentelemetry-api-events-1.28.0-alpha.jar;C:\Users\arpit\.m2\repository\io\opentelemetry\opentelemetry-sdk-trace\1.28.0\opentelemetry-sdk-trace-1.28.0.jar;C:\Users\arpit\.m2\repository\io\opentelemetry\opentelemetry-sdk\1.28.0\opentelemetry-sdk-1.28.0.jar;C:\Users\arpit\.m2\repository\io\opentelemetry\opentelemetry-semconv\1.28.0-alpha\opentelemetry-semconv-1.28.0-alpha.jar;C:\Users\arpit\.m2\repository\net\bytebuddy\byte-buddy\1.14.5\byte-buddy-1.14.5.jar;C:\Users\arpit\.m2\repository\org\asynchttpclient\async-http-client\2.12.3\async-http-client-2.12.3.jar;C:\Users\arpit\.m2\repository\org\asynchttpclient\async-http-client-netty-utils\2.12.3\async-http-client-netty-utils-2.12.3.jar;C:\Users\arpit\.m2\repository\io\netty\netty-codec-socks\4.1.60.Final\netty-codec-socks-4.1.60.Final.jar;C:\Users\arpit\.m2\repository\io\netty\netty-handler-proxy\4.1.60.Final\netty-handler-proxy-4.1.60.Final.jar;C:\Users\arpit\.m2\repository\io\netty\netty-transport-native-epoll\4.1.60.Final\netty-transport-native-epoll-4.1.60.Final-linux-x86_64.jar;C:\Users\arpit\.m2\repository\io\netty\netty-transport-native-kqueue\4.1.60.Final\netty-transport-native-kqueue-4.1.60.Final-osx-x86_64.jar;C:\Users\arpit\.m2\repository\org\reactivestreams\reactive-streams\1.0.3\reactive-streams-1.0.3.jar;C:\Users\arpit\.m2\repository\com\typesafe\netty\netty-reactive-streams\2.0.4\netty-reactive-streams-2.0.4.jar;C:\Users\arpit\.m2\repository\org\slf4j\slf4j-api\1.7.30\slf4j-api-1.7.30.jar;C:\Users\arpit\.m2\repository\com\sun\activation\jakarta.activation\1.2.2\jakarta.activation-1.2.2.jar;C:\Users\arpit\.m2\repository\org\seleniumhq\selenium\selenium-os\4.12.1\selenium-os-4.12.1.jar;C:\Users\arpit\.m2\repository\org\apache\commons\commons-exec\1.3\commons-exec-1.3.jar;C:\Users\arpit\.m2\repository\org\seleniumhq\selenium\selenium-safari-driver\4.12.1\selenium-safari-driver-4.12.1.jar;C:\Users\arpit\.m2\repository\org\seleniumhq\selenium\selenium-support\4.12.1\selenium-support-4.12.1.jar;C:\Users\arpit\.m2\repository\io\cucumber\cucumber-java\7.14.0\cucumber-java-7.14.0.jar;C:\Users\arpit\.m2\repository\io\cucumber\cucumber-core\7.14.0\cucumber-core-7.14.0.jar;C:\Users\arpit\.m2\repository\io\cucumber\cucumber-gherkin\7.14.0\cucumber-gherkin-7.14.0.jar;C:\Users\arpit\.m2\repository\io\cucumber\cucumber-gherkin-messages\7.14.0\cucumber-gherkin-messages-7.14.0.jar;C:\Users\arpit\.m2\repository\io\cucumber\gherkin\26.2.0\gherkin-26.2.0.jar;C:\Users\arpit\.m2\repository\io\cucumber\messages\22.0.0\messages-22.0.0.jar;C:\Users\arpit\.m2\repository\io\cucumber\tag-expressions\5.0.6\tag-expressions-5.0.6.jar;C:\Users\arpit\.m2\repository\io\cucumber\cucumber-expressions\16.1.2\cucumber-expressions-16.1.2.jar;C:\Users\arpit\.m2\repository\io\cucumber\datatable\7.14.0\datatable-7.14.0.jar;C:\Users\arpit\.m2\repository\io\cucumber\cucumber-plugin\7.14.0\cucumber-plugin-7.14.0.jar;C:\Users\arpit\.m2\repository\io\cucumber\docstring\7.14.0\docstring-7.14.0.jar;C:\Users\arpit\.m2\repository\io\cucumber\html-formatter\20.4.0\html-formatter-20.4.0.jar;C:\Users\arpit\.m2\repository\io\cucumber\junit-xml-formatter\0.2.0\junit-xml-formatter-0.2.0.jar;C:\Users\arpit\.m2\repository\io\cucumber\ci-environment\9.2.0\ci-environment-9.2.0.jar;C:\Users\arpit\.m2\repository\org\apiguardian\apiguardian-api\1.1.2\apiguardian-api-1.1.2.jar;C:\Users\arpit\.m2\repository\io\cucumber\cucumber-junit\7.14.0\cucumber-junit-7.14.0.jar;C:\Users\arpit\.m2\repository\junit\junit\4.13.2\junit-4.13.2.jar;C:\Users\arpit\.m2\repository\org\hamcrest\hamcrest-core\1.3\hamcrest-core-1.3.jar;"/>
    <property name="sun.cpu.endian" value="little"/>
    <property name="user.home" value="C:\Users\arpit"/>
    <property name="user.language" value="en"/>
    <property name="java.specification.vendor" value="Oracle Corporation"/>
    <property name="java.version.date" value="2022-10-18"/>
    <property name="java.home" value="C:\Program Files\Java\jdk-19"/>
    <property name="file.separator" value="\"/>
    <property name="basedir" value="C:\Users\arpit\Desktop\Desktop\payment_demo\payment_demo"/>
    <property name="java.vm.compressedOopsMode" value="Zero based"/>
    <property name="line.separator" value="&#10;"/>
    <property name="java.vm.specification.vendor" value="Oracle Corporation"/>
    <property name="java.specification.name" value="Java Platform API Specification"/>
    <property name="surefire.real.class.path" value="C:\Users\arpit\AppData\Local\Temp\surefire14430867267429583066\surefirebooter-20250803130219706_3.jar"/>
    <property name="user.script" value=""/>
    <property name="sun.management.compiler" value="HotSpot 64-Bit Tiered Compilers"/>
    <property name="java.runtime.version" value="19.0.1+10-21"/>
    <property name="user.name" value="arpit"/>
    <property name="stdout.encoding" value="Cp1252"/>
    <property name="path.separator" value=";"/>
    <property name="os.version" value="10.0"/>
    <property name="java.runtime.name" value="Java(TM) SE Runtime Environment"/>
    <property name="file.encoding" value="UTF-8"/>
    <property name="java.vm.name" value="Java HotSpot(TM) 64-Bit Server VM"/>
    <property name="localRepository" value="C:\Users\arpit\.m2\repository"/>
    <property name="java.vendor.url.bug" value="https://bugreport.java.com/bugreport/"/>
    <property name="java.io.tmpdir" value="C:\Users\arpit\AppData\Local\Temp\"/>
    <property name="java.version" value="19.0.1"/>
    <property name="user.dir" value="C:\Users\arpit\Desktop\Desktop\payment_demo\payment_demo"/>
    <property name="os.arch" value="amd64"/>
    <property name="java.vm.specification.name" value="Java Virtual Machine Specification"/>
    <property name="sun.os.patch.level" value=""/>
    <property name="native.encoding" value="Cp1252"/>
    <property name="java.library.path" value="C:\Program Files\Java\jdk-19\bin;C:\WINDOWS\Sun\Java\bin;C:\WINDOWS\system32;C:\WINDOWS;C:\Program Files\Common Files\Oracle\Java\javapath;C:\WINDOWS\system32;C:\WINDOWS;C:\WINDOWS\System32\Wbem;C:\WINDOWS\System32\WindowsPowerShell\v1.0\;C:\WINDOWS\System32\OpenSSH\;C:\Program Files\dotnet\;C:\Program Files\Git\cmd;C:\Program Files\Java\jdk-11.0.17\bin;C:\Program Files\MySQL\MySQL Server 8.0\bin;C:\Program Files\apache-maven-3.9.1\bin;;C:\Program Files\Docker\Docker\resources\bin;C:\Program Files\nodejs\;C:\Users\arpit\anaconda3;C:\Users\arpit\anaconda3\Library\mingw-w64\bin;C:\Users\arpit\anaconda3\Library\usr\bin;C:\Users\arpit\anaconda3\Library\bin;C:\Users\arpit\anaconda3\Scripts;C:\Program Files\MySQL\MySQL Shell 8.0\bin\;C:\Users\arpit\AppData\Local\Programs\Python\Python311\Scripts\;C:\Users\arpit\AppData\Local\Programs\Python\Python311\;C:\Users\arpit\AppData\Local\Microsoft\WindowsApps;C:\Users\arpit\AppData\Local\Programs\Microsoft VS Code\bin;C:\Users\arpit\AppData\Roaming\npm;C:\Program Files\apache-maven-3.9.1\bin;;c:\Users\arpit\AppData\Roaming\Code\User\globalStorage\github.copilot-chat\debugCommand;."/>
    <property name="java.vm.info" value="mixed mode, sharing"/>
    <property name="stderr.encoding" value="Cp1252"/>
    <property name="java.vendor" value="Oracle Corporation"/>
    <property name="java.vm.version" value="19.0.1+10-21"/>
    <property name="sun.io.unicode.encoding" value="UnicodeLittle"/>
    <property name="java.class.version" value="63.0"/>
  </properties>
  <testcase name="Process payment with various flow conditions #1" classname="Basic Payment Flow with Validations" time="0.563">
    <system-out><![CDATA[
Scenario Outline: Process payment with various flow conditions # src/test/java/com/payment_demo/features/payment.feature:25
  Given the sanction list is:                                  # com.payment_demo.stepDefination.stepDefination.theSanctionListIs(io.cucumber.datatable.DataTable)
    | John Doe   |
    | BannedUser |
  And the fraud list is:                                       # com.payment_demo.stepDefination.stepDefination.theFraudListIs(io.cucumber.datatable.DataTable)
    | 1234567890 |
    | 9876543210 |
  Given the debtor account is "active"                         # com.payment_demo.stepDefination.stepDefination.theDebtorAccountIs(java.lang.String)
  And the debtor account balance is "10000"                    # com.payment_demo.stepDefination.stepDefination.theDebtorAccountBalanceIs(java.lang.String)
  And the transfer amount is "5000"                            # com.payment_demo.stepDefination.stepDefination.theTransferAmountIs(java.lang.String)
  And the creditor name is "Alice Kumar"                       # com.payment_demo.stepDefination.stepDefination.theCreditorNameIs(java.lang.String)
  And the creditor account number is "1111222233"              # com.payment_demo.stepDefination.stepDefination.theCreditorAccountNumberIs(java.lang.String)
  When the payment is initiated                                # com.payment_demo.stepDefination.stepDefination.thePaymentIsInitiated()
  Then perform sanction check                                  # com.payment_demo.stepDefination.stepDefination.performSanctionCheck()
  Then perform fraud check                                     # com.payment_demo.stepDefination.stepDefination.performFraudCheck()
  Then perform fund check                                      # com.payment_demo.stepDefination.stepDefination.performFundCheck()
✅ Transaction completed successfully.
  Then evaluate transaction status                             # com.payment_demo.stepDefination.stepDefination.evaluateTransactionStatus()
]]></system-out>
  </testcase>
  <testcase name="Process payment with various flow conditions #2" classname="Basic Payment Flow with Validations" time="0.112">
    <failure message="Debtor account is not active" type="java.lang.AssertionError"><![CDATA[java.lang.AssertionError: Debtor account is not active
	at org.junit.Assert.fail(Assert.java:89)
	at com.payment_demo.stepDefination.stepDefination.thePaymentIsInitiated(stepDefination.java:66)
	at ✽.the payment is initiated(file:///C:/Users/arpit/Desktop/Desktop/payment_demo/payment_demo/src/test/java/com/payment_demo/features/payment.feature:17)
]]></failure>
    <system-out><![CDATA[
Scenario Outline: Process payment with various flow conditions # src/test/java/com/payment_demo/features/payment.feature:26
  Given the sanction list is:                                  # com.payment_demo.stepDefination.stepDefination.theSanctionListIs(io.cucumber.datatable.DataTable)
    | John Doe   |
    | BannedUser |
  And the fraud list is:                                       # com.payment_demo.stepDefination.stepDefination.theFraudListIs(io.cucumber.datatable.DataTable)
    | 1234567890 |
    | 9876543210 |
  Given the debtor account is "inactive"                       # com.payment_demo.stepDefination.stepDefination.theDebtorAccountIs(java.lang.String)
  And the debtor account balance is "10000"                    # com.payment_demo.stepDefination.stepDefination.theDebtorAccountBalanceIs(java.lang.String)
  And the transfer amount is "5000"                            # com.payment_demo.stepDefination.stepDefination.theTransferAmountIs(java.lang.String)
  And the creditor name is "Alice Kumar"                       # com.payment_demo.stepDefination.stepDefination.theCreditorNameIs(java.lang.String)
  And the creditor account number is "1111222233"              # com.payment_demo.stepDefination.stepDefination.theCreditorAccountNumberIs(java.lang.String)
  When the payment is initiated                                # com.payment_demo.stepDefination.stepDefination.thePaymentIsInitiated()
      java.lang.AssertionError: Debtor account is not active
	at org.junit.Assert.fail(Assert.java:89)
	at com.payment_demo.stepDefination.stepDefination.thePaymentIsInitiated(stepDefination.java:66)
	at ✽.the payment is initiated(file:///C:/Users/arpit/Desktop/Desktop/payment_demo/payment_demo/src/test/java/com/payment_demo/features/payment.feature:17)

  Then perform sanction check                                  # com.payment_demo.stepDefination.stepDefination.performSanctionCheck()
  Then perform fraud check                                     # com.payment_demo.stepDefination.stepDefination.performFraudCheck()
  Then perform fund check                                      # com.payment_demo.stepDefination.stepDefination.performFundCheck()
  Then evaluate transaction status                             # com.payment_demo.stepDefination.stepDefination.evaluateTransactionStatus()
]]></system-out>
  </testcase>
  <testcase name="Process payment with various flow conditions #3" classname="Basic Payment Flow with Validations" time="0.131">
    <failure message="Sanction check failed for John Doe" type="java.lang.AssertionError"><![CDATA[java.lang.AssertionError: Sanction check failed for John Doe
	at org.junit.Assert.fail(Assert.java:89)
	at com.payment_demo.stepDefination.stepDefination.performSanctionCheck(stepDefination.java:82)
	at ✽.perform sanction check(file:///C:/Users/arpit/Desktop/Desktop/payment_demo/payment_demo/src/test/java/com/payment_demo/features/payment.feature:18)
]]></failure>
    <system-out><![CDATA[
Scenario Outline: Process payment with various flow conditions # src/test/java/com/payment_demo/features/payment.feature:27
  Given the sanction list is:                                  # com.payment_demo.stepDefination.stepDefination.theSanctionListIs(io.cucumber.datatable.DataTable)
    | John Doe   |
    | BannedUser |
  And the fraud list is:                                       # com.payment_demo.stepDefination.stepDefination.theFraudListIs(io.cucumber.datatable.DataTable)
    | 1234567890 |
    | 9876543210 |
  Given the debtor account is "active"                         # com.payment_demo.stepDefination.stepDefination.theDebtorAccountIs(java.lang.String)
  And the debtor account balance is "8000"                     # com.payment_demo.stepDefination.stepDefination.theDebtorAccountBalanceIs(java.lang.String)
  And the transfer amount is "2000"                            # com.payment_demo.stepDefination.stepDefination.theTransferAmountIs(java.lang.String)
  And the creditor name is "John Doe"                          # com.payment_demo.stepDefination.stepDefination.theCreditorNameIs(java.lang.String)
  And the creditor account number is "1111222233"              # com.payment_demo.stepDefination.stepDefination.theCreditorAccountNumberIs(java.lang.String)
  When the payment is initiated                                # com.payment_demo.stepDefination.stepDefination.thePaymentIsInitiated()
  Then perform sanction check                                  # com.payment_demo.stepDefination.stepDefination.performSanctionCheck()
      java.lang.AssertionError: Sanction check failed for John Doe
	at org.junit.Assert.fail(Assert.java:89)
	at com.payment_demo.stepDefination.stepDefination.performSanctionCheck(stepDefination.java:82)
	at ✽.perform sanction check(file:///C:/Users/arpit/Desktop/Desktop/payment_demo/payment_demo/src/test/java/com/payment_demo/features/payment.feature:18)

  Then perform fraud check                                     # com.payment_demo.stepDefination.stepDefination.performFraudCheck()
  Then perform fund check                                      # com.payment_demo.stepDefination.stepDefination.performFundCheck()
  Then evaluate transaction status                             # com.payment_demo.stepDefination.stepDefination.evaluateTransactionStatus()
]]></system-out>
  </testcase>
  <testcase name="Process payment with various flow conditions #4" classname="Basic Payment Flow with Validations" time="0.098">
    <failure message="Fraud detected for account: 1234567890" type="java.lang.AssertionError"><![CDATA[java.lang.AssertionError: Fraud detected for account: 1234567890
	at org.junit.Assert.fail(Assert.java:89)
	at com.payment_demo.stepDefination.stepDefination.performFraudCheck(stepDefination.java:98)
	at ✽.perform fraud check(file:///C:/Users/arpit/Desktop/Desktop/payment_demo/payment_demo/src/test/java/com/payment_demo/features/payment.feature:19)
]]></failure>
    <system-out><![CDATA[
Scenario Outline: Process payment with various flow conditions # src/test/java/com/payment_demo/features/payment.feature:28
  Given the sanction list is:                                  # com.payment_demo.stepDefination.stepDefination.theSanctionListIs(io.cucumber.datatable.DataTable)
    | John Doe   |
    | BannedUser |
  And the fraud list is:                                       # com.payment_demo.stepDefination.stepDefination.theFraudListIs(io.cucumber.datatable.DataTable)
    | 1234567890 |
    | 9876543210 |
  Given the debtor account is "active"                         # com.payment_demo.stepDefination.stepDefination.theDebtorAccountIs(java.lang.String)
  And the debtor account balance is "9000"                     # com.payment_demo.stepDefination.stepDefination.theDebtorAccountBalanceIs(java.lang.String)
  And the transfer amount is "1000"                            # com.payment_demo.stepDefination.stepDefination.theTransferAmountIs(java.lang.String)
  And the creditor name is "Alice Kumar"                       # com.payment_demo.stepDefination.stepDefination.theCreditorNameIs(java.lang.String)
  And the creditor account number is "1234567890"              # com.payment_demo.stepDefination.stepDefination.theCreditorAccountNumberIs(java.lang.String)
  When the payment is initiated                                # com.payment_demo.stepDefination.stepDefination.thePaymentIsInitiated()
  Then perform sanction check                                  # com.payment_demo.stepDefination.stepDefination.performSanctionCheck()
  Then perform fraud check                                     # com.payment_demo.stepDefination.stepDefination.performFraudCheck()
      java.lang.AssertionError: Fraud detected for account: 1234567890
	at org.junit.Assert.fail(Assert.java:89)
	at com.payment_demo.stepDefination.stepDefination.performFraudCheck(stepDefination.java:98)
	at ✽.perform fraud check(file:///C:/Users/arpit/Desktop/Desktop/payment_demo/payment_demo/src/test/java/com/payment_demo/features/payment.feature:19)

  Then perform fund check                                      # com.payment_demo.stepDefination.stepDefination.performFundCheck()
  Then evaluate transaction status                             # com.payment_demo.stepDefination.stepDefination.evaluateTransactionStatus()
]]></system-out>
  </testcase>
  <testcase name="Process payment with various flow conditions #5" classname="Basic Payment Flow with Validations" time="0.211">
    <failure message="Insufficient funds" type="java.lang.AssertionError"><![CDATA[java.lang.AssertionError: Insufficient funds
	at org.junit.Assert.fail(Assert.java:89)
	at com.payment_demo.stepDefination.stepDefination.performFundCheck(stepDefination.java:116)
	at ✽.perform fund check(file:///C:/Users/arpit/Desktop/Desktop/payment_demo/payment_demo/src/test/java/com/payment_demo/features/payment.feature:20)
]]></failure>
    <system-out><![CDATA[
Scenario Outline: Process payment with various flow conditions # src/test/java/com/payment_demo/features/payment.feature:29
  Given the sanction list is:                                  # com.payment_demo.stepDefination.stepDefination.theSanctionListIs(io.cucumber.datatable.DataTable)
    | John Doe   |
    | BannedUser |
  And the fraud list is:                                       # com.payment_demo.stepDefination.stepDefination.theFraudListIs(io.cucumber.datatable.DataTable)
    | 1234567890 |
    | 9876543210 |
  Given the debtor account is "active"                         # com.payment_demo.stepDefination.stepDefination.theDebtorAccountIs(java.lang.String)
  And the debtor account balance is "4000"                     # com.payment_demo.stepDefination.stepDefination.theDebtorAccountBalanceIs(java.lang.String)
  And the transfer amount is "5000"                            # com.payment_demo.stepDefination.stepDefination.theTransferAmountIs(java.lang.String)
  And the creditor name is "Alice Kumar"                       # com.payment_demo.stepDefination.stepDefination.theCreditorNameIs(java.lang.String)
  And the creditor account number is "1111222233"              # com.payment_demo.stepDefination.stepDefination.theCreditorAccountNumberIs(java.lang.String)
  When the payment is initiated                                # com.payment_demo.stepDefination.stepDefination.thePaymentIsInitiated()
  Then perform sanction check                                  # com.payment_demo.stepDefination.stepDefination.performSanctionCheck()
  Then perform fraud check                                     # com.payment_demo.stepDefination.stepDefination.performFraudCheck()
  Then perform fund check                                      # com.payment_demo.stepDefination.stepDefination.performFundCheck()
      java.lang.AssertionError: Insufficient funds
	at org.junit.Assert.fail(Assert.java:89)
	at com.payment_demo.stepDefination.stepDefination.performFundCheck(stepDefination.java:116)
	at ✽.perform fund check(file:///C:/Users/arpit/Desktop/Desktop/payment_demo/payment_demo/src/test/java/com/payment_demo/features/payment.feature:20)

  Then evaluate transaction status                             # com.payment_demo.stepDefination.stepDefination.evaluateTransactionStatus()
]]></system-out>
  </testcase>
</testsuite>